{"/home/peter/nova-mcp/axiom-mcp/src-v4/core/hook-orchestrator.ts": {"path":"/home/peter/nova-mcp/axiom-mcp/src-v4/core/hook-orchestrator.ts","statementMap":{"0":{"start":{"line":6,"column":0},"end":{"line":6,"column":38}},"1":{"start":{"line":7,"column":0},"end":{"line":7,"column":37}},"2":{"start":{"line":8,"column":0},"end":{"line":8,"column":46}},"3":{"start":{"line":10,"column":0},"end":{"line":10,"column":null}},"4":{"start":{"line":12,"column":2},"end":{"line":12,"column":null}},"5":{"start":{"line":13,"column":2},"end":{"line":13,"column":null}},"6":{"start":{"line":14,"column":2},"end":{"line":14,"column":null}},"7":{"start":{"line":17,"column":2},"end":{"line":17,"column":null}},"8":{"start":{"line":18,"column":2},"end":{"line":18,"column":null}},"9":{"start":{"line":19,"column":2},"end":{"line":19,"column":null}},"10":{"start":{"line":20,"column":2},"end":{"line":20,"column":null}},"11":{"start":{"line":21,"column":2},"end":{"line":21,"column":null}},"12":{"start":{"line":24,"column":2},"end":{"line":24,"column":null}},"13":{"start":{"line":25,"column":2},"end":{"line":25,"column":null}},"14":{"start":{"line":28,"column":2},"end":{"line":28,"column":null}},"15":{"start":{"line":29,"column":2},"end":{"line":29,"column":null}},"16":{"start":{"line":74,"column":51},"end":{"line":74,"column":60}},"17":{"start":{"line":78,"column":40},"end":{"line":78,"column":49}},"18":{"start":{"line":79,"column":31},"end":{"line":79,"column":40}},"19":{"start":{"line":80,"column":42},"end":{"line":80,"column":51}},"20":{"start":{"line":84,"column":4},"end":{"line":84,"column":12}},"21":{"start":{"line":85,"column":4},"end":{"line":85,"column":17}},"22":{"start":{"line":86,"column":4},"end":{"line":86,"column":29}},"23":{"start":{"line":87,"column":4},"end":{"line":87,"column":39}},"24":{"start":{"line":88,"column":4},"end":{"line":88,"column":39}},"25":{"start":{"line":95,"column":4},"end":{"line":99,"column":7}},"26":{"start":{"line":101,"column":4},"end":{"line":107,"column":5}},"27":{"start":{"line":102,"column":25},"end":{"line":102,"column":52}},"28":{"start":{"line":103,"column":6},"end":{"line":103,"column":28}},"29":{"start":{"line":105,"column":6},"end":{"line":105,"column":57}},"30":{"start":{"line":105,"column":32},"end":{"line":105,"column":55}},"31":{"start":{"line":106,"column":6},"end":{"line":106,"column":40}},"32":{"start":{"line":109,"column":4},"end":{"line":112,"column":7}},"33":{"start":{"line":119,"column":19},"end":{"line":119,"column":39}},"34":{"start":{"line":120,"column":4},"end":{"line":120,"column":87}},"35":{"start":{"line":121,"column":4},"end":{"line":121,"column":44}},"36":{"start":{"line":123,"column":4},"end":{"line":123,"column":102}},"37":{"start":{"line":125,"column":33},"end":{"line":130,"column":6}},"38":{"start":{"line":133,"column":4},"end":{"line":133,"column":69}},"39":{"start":{"line":134,"column":29},"end":{"line":134,"column":89}},"40":{"start":{"line":135,"column":4},"end":{"line":135,"column":69}},"41":{"start":{"line":137,"column":4},"end":{"line":143,"column":5}},"42":{"start":{"line":138,"column":6},"end":{"line":141,"column":9}},"43":{"start":{"line":142,"column":6},"end":{"line":142,"column":76}},"44":{"start":{"line":145,"column":4},"end":{"line":151,"column":5}},"45":{"start":{"line":147,"column":6},"end":{"line":150,"column":8}},"46":{"start":{"line":154,"column":4},"end":{"line":156,"column":5}},"47":{"start":{"line":155,"column":6},"end":{"line":155,"column":60}},"48":{"start":{"line":159,"column":4},"end":{"line":159,"column":33}},"49":{"start":{"line":160,"column":4},"end":{"line":160,"column":42}},"50":{"start":{"line":162,"column":4},"end":{"line":162,"column":60}},"51":{"start":{"line":163,"column":4},"end":{"line":163,"column":66}},"52":{"start":{"line":165,"column":4},"end":{"line":367,"column":5}},"53":{"start":{"line":167,"column":6},"end":{"line":167,"column":71}},"54":{"start":{"line":168,"column":23},"end":{"line":168,"column":60}},"55":{"start":{"line":169,"column":6},"end":{"line":169,"column":82}},"56":{"start":{"line":172,"column":28},"end":{"line":257,"column":7}},"57":{"start":{"line":173,"column":8},"end":{"line":177,"column":11}},"58":{"start":{"line":180,"column":8},"end":{"line":214,"column":9}},"59":{"start":{"line":181,"column":10},"end":{"line":181,"column":83}},"60":{"start":{"line":182,"column":10},"end":{"line":182,"column":114}},"61":{"start":{"line":185,"column":10},"end":{"line":187,"column":11}},"62":{"start":{"line":186,"column":12},"end":{"line":186,"column":33}},"63":{"start":{"line":189,"column":31},"end":{"line":192,"column":106}},"64":{"start":{"line":194,"column":10},"end":{"line":198,"column":11}},"65":{"start":{"line":195,"column":12},"end":{"line":195,"column":55}},"66":{"start":{"line":196,"column":17},"end":{"line":198,"column":11}},"67":{"start":{"line":197,"column":12},"end":{"line":197,"column":41}},"68":{"start":{"line":201,"column":10},"end":{"line":203,"column":11}},"69":{"start":{"line":202,"column":12},"end":{"line":202,"column":64}},"70":{"start":{"line":206,"column":23},"end":{"line":206,"column":51}},"71":{"start":{"line":207,"column":10},"end":{"line":210,"column":11}},"72":{"start":{"line":208,"column":12},"end":{"line":208,"column":35}},"73":{"start":{"line":209,"column":12},"end":{"line":209,"column":63}},"74":{"start":{"line":213,"column":10},"end":{"line":213,"column":17}},"75":{"start":{"line":216,"column":43},"end":{"line":220,"column":10}},"76":{"start":{"line":222,"column":29},"end":{"line":222,"column":95}},"77":{"start":{"line":225,"column":8},"end":{"line":236,"column":9}},"78":{"start":{"line":226,"column":10},"end":{"line":229,"column":13}},"79":{"start":{"line":232,"column":10},"end":{"line":235,"column":11}},"80":{"start":{"line":233,"column":12},"end":{"line":233,"column":77}},"81":{"start":{"line":234,"column":12},"end":{"line":234,"column":103}},"82":{"start":{"line":239,"column":21},"end":{"line":239,"column":49}},"83":{"start":{"line":240,"column":8},"end":{"line":244,"column":9}},"84":{"start":{"line":241,"column":10},"end":{"line":241,"column":30}},"85":{"start":{"line":242,"column":10},"end":{"line":242,"column":53}},"86":{"start":{"line":242,"column":32},"end":{"line":242,"column":53}},"87":{"start":{"line":243,"column":10},"end":{"line":243,"column":37}},"88":{"start":{"line":247,"column":8},"end":{"line":253,"column":9}},"89":{"start":{"line":248,"column":10},"end":{"line":252,"column":11}},"90":{"start":{"line":249,"column":12},"end":{"line":249,"column":56}},"91":{"start":{"line":251,"column":12},"end":{"line":251,"column":116}},"92":{"start":{"line":256,"column":8},"end":{"line":256,"column":56}},"93":{"start":{"line":260,"column":24},"end":{"line":260,"column":55}},"94":{"start":{"line":261,"column":6},"end":{"line":261,"column":61}},"95":{"start":{"line":263,"column":6},"end":{"line":359,"column":7}},"96":{"start":{"line":264,"column":8},"end":{"line":264,"column":83}},"97":{"start":{"line":266,"column":25},"end":{"line":274,"column":10}},"98":{"start":{"line":275,"column":8},"end":{"line":275,"column":47}},"99":{"start":{"line":278,"column":8},"end":{"line":278,"column":76}},"100":{"start":{"line":279,"column":33},"end":{"line":286,"column":49}},"101":{"start":{"line":287,"column":8},"end":{"line":287,"column":68}},"102":{"start":{"line":290,"column":8},"end":{"line":314,"column":13}},"103":{"start":{"line":292,"column":25},"end":{"line":292,"column":53}},"104":{"start":{"line":293,"column":12},"end":{"line":297,"column":13}},"105":{"start":{"line":294,"column":14},"end":{"line":294,"column":40}},"106":{"start":{"line":295,"column":14},"end":{"line":295,"column":35}},"107":{"start":{"line":296,"column":14},"end":{"line":296,"column":40}},"108":{"start":{"line":298,"column":12},"end":{"line":298,"column":52}},"109":{"start":{"line":299,"column":12},"end":{"line":299,"column":47}},"110":{"start":{"line":300,"column":12},"end":{"line":300,"column":76}},"111":{"start":{"line":301,"column":12},"end":{"line":301,"column":102}},"112":{"start":{"line":304,"column":25},"end":{"line":304,"column":53}},"113":{"start":{"line":305,"column":12},"end":{"line":309,"column":13}},"114":{"start":{"line":306,"column":14},"end":{"line":306,"column":37}},"115":{"start":{"line":307,"column":14},"end":{"line":307,"column":82}},"116":{"start":{"line":308,"column":14},"end":{"line":308,"column":40}},"117":{"start":{"line":310,"column":12},"end":{"line":310,"column":49}},"118":{"start":{"line":311,"column":12},"end":{"line":311,"column":97}},"119":{"start":{"line":312,"column":12},"end":{"line":312,"column":73}},"120":{"start":{"line":313,"column":12},"end":{"line":313,"column":107}},"121":{"start":{"line":317,"column":8},"end":{"line":317,"column":82}},"122":{"start":{"line":318,"column":25},"end":{"line":332,"column":10}},"123":{"start":{"line":333,"column":8},"end":{"line":333,"column":56}},"124":{"start":{"line":334,"column":8},"end":{"line":334,"column":24}},"125":{"start":{"line":337,"column":8},"end":{"line":337,"column":82}},"126":{"start":{"line":339,"column":8},"end":{"line":350,"column":9}},"127":{"start":{"line":340,"column":10},"end":{"line":340,"column":77}},"128":{"start":{"line":341,"column":10},"end":{"line":346,"column":12}},"129":{"start":{"line":348,"column":10},"end":{"line":348,"column":73}},"130":{"start":{"line":349,"column":10},"end":{"line":349,"column":63}},"131":{"start":{"line":351,"column":8},"end":{"line":351,"column":85}},"132":{"start":{"line":353,"column":8},"end":{"line":353,"column":48}},"133":{"start":{"line":354,"column":8},"end":{"line":354,"column":43}},"134":{"start":{"line":356,"column":8},"end":{"line":356,"column":72}},"135":{"start":{"line":358,"column":8},"end":{"line":358,"column":22}},"136":{"start":{"line":362,"column":6},"end":{"line":362,"column":43}},"137":{"start":{"line":363,"column":6},"end":{"line":363,"column":91}},"138":{"start":{"line":365,"column":6},"end":{"line":365,"column":67}},"139":{"start":{"line":366,"column":6},"end":{"line":366,"column":18}},"140":{"start":{"line":374,"column":21},"end":{"line":374,"column":51}},"141":{"start":{"line":375,"column":4},"end":{"line":375,"column":37}},"142":{"start":{"line":377,"column":4},"end":{"line":381,"column":7}},"143":{"start":{"line":384,"column":37},"end":{"line":390,"column":6}},"144":{"start":{"line":392,"column":18},"end":{"line":392,"column":45}},"145":{"start":{"line":393,"column":29},"end":{"line":393,"column":51}},"146":{"start":{"line":395,"column":4},"end":{"line":428,"column":5}},"147":{"start":{"line":396,"column":6},"end":{"line":427,"column":7}},"148":{"start":{"line":397,"column":8},"end":{"line":397,"column":66}},"149":{"start":{"line":398,"column":27},"end":{"line":398,"column":58}},"150":{"start":{"line":399,"column":8},"end":{"line":399,"column":76}},"151":{"start":{"line":402,"column":8},"end":{"line":411,"column":9}},"152":{"start":{"line":403,"column":27},"end":{"line":403,"column":57}},"153":{"start":{"line":404,"column":10},"end":{"line":409,"column":13}},"154":{"start":{"line":410,"column":10},"end":{"line":410,"column":28}},"155":{"start":{"line":414,"column":8},"end":{"line":419,"column":9}},"156":{"start":{"line":415,"column":10},"end":{"line":418,"column":12}},"157":{"start":{"line":421,"column":8},"end":{"line":425,"column":11}},"158":{"start":{"line":430,"column":21},"end":{"line":430,"column":51}},"159":{"start":{"line":431,"column":4},"end":{"line":435,"column":7}},"160":{"start":{"line":437,"column":4},"end":{"line":437,"column":18}},"161":{"start":{"line":444,"column":4},"end":{"line":444,"column":138}},"162":{"start":{"line":447,"column":21},"end":{"line":447,"column":45}},"163":{"start":{"line":448,"column":4},"end":{"line":451,"column":5}},"164":{"start":{"line":449,"column":6},"end":{"line":449,"column":93}},"165":{"start":{"line":450,"column":6},"end":{"line":450,"column":66}},"166":{"start":{"line":453,"column":4},"end":{"line":453,"column":133}},"167":{"start":{"line":454,"column":4},"end":{"line":454,"column":20}},"168":{"start":{"line":461,"column":4},"end":{"line":461,"column":39}},"169":{"start":{"line":468,"column":4},"end":{"line":468,"column":31}},"170":{"start":{"line":469,"column":4},"end":{"line":472,"column":7}},"171":{"start":{"line":479,"column":4},"end":{"line":483,"column":5}},"172":{"start":{"line":480,"column":6},"end":{"line":482,"column":7}},"173":{"start":{"line":481,"column":8},"end":{"line":481,"column":36}},"174":{"start":{"line":490,"column":4},"end":{"line":493,"column":7}},"175":{"start":{"line":496,"column":20},"end":{"line":497,"column":null}},"176":{"start":{"line":497,"column":26},"end":{"line":497,"column":64}},"177":{"start":{"line":501,"column":24},"end":{"line":504,"column":6}},"178":{"start":{"line":506,"column":4},"end":{"line":506,"column":62}},"179":{"start":{"line":513,"column":4},"end":{"line":515,"column":5}},"180":{"start":{"line":514,"column":6},"end":{"line":514,"column":42}},"181":{"start":{"line":517,"column":18},"end":{"line":517,"column":20}},"182":{"start":{"line":518,"column":4},"end":{"line":520,"column":5}},"183":{"start":{"line":519,"column":6},"end":{"line":519,"column":34}},"184":{"start":{"line":521,"column":4},"end":{"line":521,"column":17}},"185":{"start":{"line":528,"column":4},"end":{"line":532,"column":5}},"186":{"start":{"line":529,"column":6},"end":{"line":531,"column":7}},"187":{"start":{"line":530,"column":8},"end":{"line":530,"column":36}},"188":{"start":{"line":539,"column":4},"end":{"line":539,"column":40}},"189":{"start":{"line":546,"column":18},"end":{"line":546,"column":20}},"190":{"start":{"line":547,"column":4},"end":{"line":549,"column":5}},"191":{"start":{"line":548,"column":6},"end":{"line":548,"column":42}},"192":{"start":{"line":550,"column":4},"end":{"line":550,"column":17}},"193":{"start":{"line":73,"column":0},"end":{"line":73,"column":13}}},"fnMap":{"0":{"name":"(anonymous_0)","decl":{"start":{"line":10,"column":0},"end":{"line":10,"column":12}},"loc":{"start":{"line":10,"column":21},"end":{"line":30,"column":1}}},"1":{"name":"(anonymous_1)","decl":{"start":{"line":83,"column":2},"end":{"line":83,"column":14}},"loc":{"start":{"line":83,"column":57},"end":{"line":89,"column":3}}},"2":{"name":"(anonymous_2)","decl":{"start":{"line":94,"column":2},"end":{"line":94,"column":14}},"loc":{"start":{"line":94,"column":25},"end":{"line":113,"column":3}}},"3":{"name":"(anonymous_3)","decl":{"start":{"line":105,"column":22},"end":{"line":105,"column":23}},"loc":{"start":{"line":105,"column":32},"end":{"line":105,"column":55}}},"4":{"name":"(anonymous_4)","decl":{"start":{"line":118,"column":2},"end":{"line":118,"column":7}},"loc":{"start":{"line":118,"column":45},"end":{"line":368,"column":3}}},"5":{"name":"(anonymous_5)","decl":{"start":{"line":172,"column":28},"end":{"line":172,"column":33}},"loc":{"start":{"line":172,"column":51},"end":{"line":257,"column":7}}},"6":{"name":"(anonymous_6)","decl":{"start":{"line":291,"column":16},"end":{"line":291,"column":21}},"loc":{"start":{"line":291,"column":38},"end":{"line":302,"column":11}}},"7":{"name":"(anonymous_7)","decl":{"start":{"line":303,"column":17},"end":{"line":303,"column":22}},"loc":{"start":{"line":303,"column":38},"end":{"line":314,"column":11}}},"8":{"name":"(anonymous_8)","decl":{"start":{"line":373,"column":2},"end":{"line":373,"column":7}},"loc":{"start":{"line":373,"column":77},"end":{"line":438,"column":3}}},"9":{"name":"(anonymous_9)","decl":{"start":{"line":443,"column":10},"end":{"line":443,"column":15}},"loc":{"start":{"line":443,"column":54},"end":{"line":455,"column":3}}},"10":{"name":"(anonymous_10)","decl":{"start":{"line":460,"column":2},"end":{"line":460,"column":18}},"loc":{"start":{"line":460,"column":46},"end":{"line":462,"column":3}}},"11":{"name":"(anonymous_11)","decl":{"start":{"line":467,"column":2},"end":{"line":467,"column":15}},"loc":{"start":{"line":467,"column":28},"end":{"line":473,"column":3}}},"12":{"name":"(anonymous_12)","decl":{"start":{"line":478,"column":10},"end":{"line":478,"column":24}},"loc":{"start":{"line":478,"column":49},"end":{"line":484,"column":3}}},"13":{"name":"(anonymous_13)","decl":{"start":{"line":489,"column":2},"end":{"line":489,"column":7}},"loc":{"start":{"line":489,"column":66},"end":{"line":507,"column":3}}},"14":{"name":"(anonymous_14)","decl":{"start":{"line":497,"column":19},"end":{"line":497,"column":22}},"loc":{"start":{"line":497,"column":26},"end":{"line":497,"column":64}}},"15":{"name":"(anonymous_15)","decl":{"start":{"line":512,"column":2},"end":{"line":512,"column":15}},"loc":{"start":{"line":512,"column":31},"end":{"line":522,"column":3}}},"16":{"name":"(anonymous_16)","decl":{"start":{"line":527,"column":2},"end":{"line":527,"column":21}},"loc":{"start":{"line":527,"column":21},"end":{"line":533,"column":3}}},"17":{"name":"(anonymous_17)","decl":{"start":{"line":538,"column":2},"end":{"line":538,"column":15}},"loc":{"start":{"line":538,"column":30},"end":{"line":540,"column":3}}},"18":{"name":"(anonymous_18)","decl":{"start":{"line":545,"column":2},"end":{"line":545,"column":19}},"loc":{"start":{"line":545,"column":19},"end":{"line":551,"column":3}}}},"branchMap":{"0":{"loc":{"start":{"line":10,"column":12},"end":{"line":10,"column":null}},"type":"binary-expr","locations":[{"start":{"line":10,"column":12},"end":{"line":10,"column":21}},{"start":{"line":10,"column":21},"end":{"line":10,"column":null}}]},"1":{"loc":{"start":{"line":102,"column":25},"end":{"line":102,"column":52}},"type":"binary-expr","locations":[{"start":{"line":102,"column":25},"end":{"line":102,"column":46}},{"start":{"line":102,"column":50},"end":{"line":102,"column":52}}]},"2":{"loc":{"start":{"line":137,"column":4},"end":{"line":143,"column":5}},"type":"if","locations":[{"start":{"line":137,"column":4},"end":{"line":143,"column":5}},{"start":{},"end":{}}]},"3":{"loc":{"start":{"line":142,"column":22},"end":{"line":142,"column":74}},"type":"binary-expr","locations":[{"start":{"line":142,"column":22},"end":{"line":142,"column":45}},{"start":{"line":142,"column":49},"end":{"line":142,"column":74}}]},"4":{"loc":{"start":{"line":145,"column":4},"end":{"line":151,"column":5}},"type":"if","locations":[{"start":{"line":145,"column":4},"end":{"line":151,"column":5}},{"start":{},"end":{}}]},"5":{"loc":{"start":{"line":154,"column":4},"end":{"line":156,"column":5}},"type":"if","locations":[{"start":{"line":154,"column":4},"end":{"line":156,"column":5}},{"start":{},"end":{}}]},"6":{"loc":{"start":{"line":180,"column":8},"end":{"line":214,"column":9}},"type":"if","locations":[{"start":{"line":180,"column":8},"end":{"line":214,"column":9}},{"start":{},"end":{}}]},"7":{"loc":{"start":{"line":180,"column":12},"end":{"line":180,"column":73}},"type":"binary-expr","locations":[{"start":{"line":180,"column":12},"end":{"line":180,"column":43}},{"start":{"line":180,"column":47},"end":{"line":180,"column":73}}]},"8":{"loc":{"start":{"line":185,"column":10},"end":{"line":187,"column":11}},"type":"if","locations":[{"start":{"line":185,"column":10},"end":{"line":187,"column":11}},{"start":{},"end":{}}]},"9":{"loc":{"start":{"line":194,"column":10},"end":{"line":198,"column":11}},"type":"if","locations":[{"start":{"line":194,"column":10},"end":{"line":198,"column":11}},{"start":{"line":196,"column":17},"end":{"line":198,"column":11}}]},"10":{"loc":{"start":{"line":196,"column":17},"end":{"line":198,"column":11}},"type":"if","locations":[{"start":{"line":196,"column":17},"end":{"line":198,"column":11}},{"start":{},"end":{}}]},"11":{"loc":{"start":{"line":201,"column":10},"end":{"line":203,"column":11}},"type":"if","locations":[{"start":{"line":201,"column":10},"end":{"line":203,"column":11}},{"start":{},"end":{}}]},"12":{"loc":{"start":{"line":207,"column":10},"end":{"line":210,"column":11}},"type":"if","locations":[{"start":{"line":207,"column":10},"end":{"line":210,"column":11}},{"start":{},"end":{}}]},"13":{"loc":{"start":{"line":225,"column":8},"end":{"line":236,"column":9}},"type":"if","locations":[{"start":{"line":225,"column":8},"end":{"line":236,"column":9}},{"start":{},"end":{}}]},"14":{"loc":{"start":{"line":232,"column":10},"end":{"line":235,"column":11}},"type":"if","locations":[{"start":{"line":232,"column":10},"end":{"line":235,"column":11}},{"start":{},"end":{}}]},"15":{"loc":{"start":{"line":240,"column":8},"end":{"line":244,"column":9}},"type":"if","locations":[{"start":{"line":240,"column":8},"end":{"line":244,"column":9}},{"start":{},"end":{}}]},"16":{"loc":{"start":{"line":242,"column":10},"end":{"line":242,"column":53}},"type":"if","locations":[{"start":{"line":242,"column":10},"end":{"line":242,"column":53}},{"start":{},"end":{}}]},"17":{"loc":{"start":{"line":247,"column":8},"end":{"line":253,"column":9}},"type":"if","locations":[{"start":{"line":247,"column":8},"end":{"line":253,"column":9}},{"start":{},"end":{}}]},"18":{"loc":{"start":{"line":263,"column":6},"end":{"line":359,"column":7}},"type":"if","locations":[{"start":{"line":263,"column":6},"end":{"line":359,"column":7}},{"start":{"line":335,"column":13},"end":{"line":359,"column":7}}]},"19":{"loc":{"start":{"line":270,"column":18},"end":{"line":270,"column":56}},"type":"binary-expr","locations":[{"start":{"line":270,"column":18},"end":{"line":270,"column":29}},{"start":{"line":270,"column":33},"end":{"line":270,"column":50}},{"start":{"line":270,"column":54},"end":{"line":270,"column":56}}]},"20":{"loc":{"start":{"line":279,"column":33},"end":{"line":286,"column":49}},"type":"cond-expr","locations":[{"start":{"line":280,"column":12},"end":{"line":284,"column":null}},{"start":{"line":286,"column":12},"end":{"line":286,"column":49}}]},"21":{"loc":{"start":{"line":281,"column":14},"end":{"line":281,"column":52}},"type":"binary-expr","locations":[{"start":{"line":281,"column":14},"end":{"line":281,"column":25}},{"start":{"line":281,"column":29},"end":{"line":281,"column":46}},{"start":{"line":281,"column":50},"end":{"line":281,"column":52}}]},"22":{"loc":{"start":{"line":282,"column":14},"end":{"line":282,"column":37}},"type":"binary-expr","locations":[{"start":{"line":282,"column":14},"end":{"line":282,"column":31}},{"start":{"line":282,"column":35},"end":{"line":282,"column":37}}]},"23":{"loc":{"start":{"line":293,"column":12},"end":{"line":297,"column":13}},"type":"if","locations":[{"start":{"line":293,"column":12},"end":{"line":297,"column":13}},{"start":{},"end":{}}]},"24":{"loc":{"start":{"line":305,"column":12},"end":{"line":309,"column":13}},"type":"if","locations":[{"start":{"line":305,"column":12},"end":{"line":309,"column":13}},{"start":{},"end":{}}]},"25":{"loc":{"start":{"line":307,"column":27},"end":{"line":307,"column":81}},"type":"cond-expr","locations":[{"start":{"line":307,"column":52},"end":{"line":307,"column":65}},{"start":{"line":307,"column":68},"end":{"line":307,"column":81}}]},"26":{"loc":{"start":{"line":311,"column":40},"end":{"line":311,"column":94}},"type":"cond-expr","locations":[{"start":{"line":311,"column":65},"end":{"line":311,"column":78}},{"start":{"line":311,"column":81},"end":{"line":311,"column":94}}]},"27":{"loc":{"start":{"line":321,"column":19},"end":{"line":323,"column":79}},"type":"cond-expr","locations":[{"start":{"line":322,"column":14},"end":{"line":322,"column":65}},{"start":{"line":323,"column":14},"end":{"line":323,"column":79}}]},"28":{"loc":{"start":{"line":325,"column":21},"end":{"line":327,"column":61}},"type":"cond-expr","locations":[{"start":{"line":326,"column":16},"end":{"line":326,"column":58}},{"start":{"line":327,"column":16},"end":{"line":327,"column":61}}]},"29":{"loc":{"start":{"line":339,"column":8},"end":{"line":350,"column":9}},"type":"if","locations":[{"start":{"line":339,"column":8},"end":{"line":350,"column":9}},{"start":{"line":347,"column":15},"end":{"line":350,"column":9}}]},"30":{"loc":{"start":{"line":342,"column":12},"end":{"line":342,"column":50}},"type":"binary-expr","locations":[{"start":{"line":342,"column":12},"end":{"line":342,"column":23}},{"start":{"line":342,"column":27},"end":{"line":342,"column":44}},{"start":{"line":342,"column":48},"end":{"line":342,"column":50}}]},"31":{"loc":{"start":{"line":343,"column":12},"end":{"line":343,"column":35}},"type":"binary-expr","locations":[{"start":{"line":343,"column":12},"end":{"line":343,"column":29}},{"start":{"line":343,"column":33},"end":{"line":343,"column":35}}]},"32":{"loc":{"start":{"line":363,"column":34},"end":{"line":363,"column":88}},"type":"cond-expr","locations":[{"start":{"line":363,"column":59},"end":{"line":363,"column":72}},{"start":{"line":363,"column":75},"end":{"line":363,"column":88}}]},"33":{"loc":{"start":{"line":379,"column":18},"end":{"line":379,"column":52}},"type":"binary-expr","locations":[{"start":{"line":379,"column":18},"end":{"line":379,"column":47}},{"start":{"line":379,"column":51},"end":{"line":379,"column":52}}]},"34":{"loc":{"start":{"line":392,"column":18},"end":{"line":392,"column":45}},"type":"binary-expr","locations":[{"start":{"line":392,"column":18},"end":{"line":392,"column":39}},{"start":{"line":392,"column":43},"end":{"line":392,"column":45}}]},"35":{"loc":{"start":{"line":402,"column":8},"end":{"line":411,"column":9}},"type":"if","locations":[{"start":{"line":402,"column":8},"end":{"line":411,"column":9}},{"start":{},"end":{}}]},"36":{"loc":{"start":{"line":414,"column":8},"end":{"line":419,"column":9}},"type":"if","locations":[{"start":{"line":414,"column":8},"end":{"line":419,"column":9}},{"start":{},"end":{}}]},"37":{"loc":{"start":{"line":423,"column":17},"end":{"line":423,"column":71}},"type":"cond-expr","locations":[{"start":{"line":423,"column":42},"end":{"line":423,"column":55}},{"start":{"line":423,"column":58},"end":{"line":423,"column":71}}]},"38":{"loc":{"start":{"line":424,"column":17},"end":{"line":424,"column":65}},"type":"cond-expr","locations":[{"start":{"line":424,"column":42},"end":{"line":424,"column":53}},{"start":{"line":424,"column":56},"end":{"line":424,"column":65}}]},"39":{"loc":{"start":{"line":434,"column":21},"end":{"line":434,"column":82}},"type":"cond-expr","locations":[{"start":{"line":434,"column":44},"end":{"line":434,"column":77}},{"start":{"line":434,"column":80},"end":{"line":434,"column":82}}]},"40":{"loc":{"start":{"line":448,"column":4},"end":{"line":451,"column":5}},"type":"if","locations":[{"start":{"line":448,"column":4},"end":{"line":451,"column":5}},{"start":{},"end":{}}]},"41":{"loc":{"start":{"line":480,"column":6},"end":{"line":482,"column":7}},"type":"if","locations":[{"start":{"line":480,"column":6},"end":{"line":482,"column":7}},{"start":{},"end":{}}]},"42":{"loc":{"start":{"line":506,"column":11},"end":{"line":506,"column":61}},"type":"binary-expr","locations":[{"start":{"line":506,"column":11},"end":{"line":506,"column":50}},{"start":{"line":506,"column":54},"end":{"line":506,"column":61}}]},"43":{"loc":{"start":{"line":513,"column":4},"end":{"line":515,"column":5}},"type":"if","locations":[{"start":{"line":513,"column":4},"end":{"line":515,"column":5}},{"start":{},"end":{}}]},"44":{"loc":{"start":{"line":529,"column":6},"end":{"line":531,"column":7}},"type":"if","locations":[{"start":{"line":529,"column":6},"end":{"line":531,"column":7}},{"start":{},"end":{}}]},"45":{"loc":{"start":{"line":529,"column":10},"end":{"line":529,"column":65}},"type":"binary-expr","locations":[{"start":{"line":529,"column":10},"end":{"line":529,"column":37}},{"start":{"line":529,"column":41},"end":{"line":529,"column":65}}]}},"s":{"0":1,"1":1,"2":1,"3":1,"4":1,"5":1,"6":1,"7":1,"8":1,"9":1,"10":1,"11":1,"12":1,"13":1,"14":1,"15":1,"16":0,"17":0,"18":0,"19":0,"20":0,"21":0,"22":0,"23":0,"24":0,"25":0,"26":0,"27":0,"28":0,"29":0,"30":0,"31":0,"32":0,"33":0,"34":0,"35":0,"36":0,"37":0,"38":0,"39":0,"40":0,"41":0,"42":0,"43":0,"44":0,"45":0,"46":0,"47":0,"48":0,"49":0,"50":0,"51":0,"52":0,"53":0,"54":0,"55":0,"56":0,"57":0,"58":0,"59":0,"60":0,"61":0,"62":0,"63":0,"64":0,"65":0,"66":0,"67":0,"68":0,"69":0,"70":0,"71":0,"72":0,"73":0,"74":0,"75":0,"76":0,"77":0,"78":0,"79":0,"80":0,"81":0,"82":0,"83":0,"84":0,"85":0,"86":0,"87":0,"88":0,"89":0,"90":0,"91":0,"92":0,"93":0,"94":0,"95":0,"96":0,"97":0,"98":0,"99":0,"100":0,"101":0,"102":0,"103":0,"104":0,"105":0,"106":0,"107":0,"108":0,"109":0,"110":0,"111":0,"112":0,"113":0,"114":0,"115":0,"116":0,"117":0,"118":0,"119":0,"120":0,"121":0,"122":0,"123":0,"124":0,"125":0,"126":0,"127":0,"128":0,"129":0,"130":0,"131":0,"132":0,"133":0,"134":0,"135":0,"136":0,"137":0,"138":0,"139":0,"140":0,"141":0,"142":0,"143":0,"144":0,"145":0,"146":0,"147":0,"148":0,"149":0,"150":0,"151":0,"152":0,"153":0,"154":0,"155":0,"156":0,"157":0,"158":0,"159":0,"160":0,"161":0,"162":0,"163":0,"164":0,"165":0,"166":0,"167":0,"168":0,"169":0,"170":0,"171":0,"172":0,"173":0,"174":0,"175":0,"176":0,"177":0,"178":0,"179":0,"180":0,"181":0,"182":0,"183":0,"184":0,"185":0,"186":0,"187":0,"188":0,"189":0,"190":0,"191":0,"192":0,"193":1},"f":{"0":1,"1":0,"2":0,"3":0,"4":0,"5":0,"6":0,"7":0,"8":0,"9":0,"10":0,"11":0,"12":0,"13":0,"14":0,"15":0,"16":0,"17":0,"18":0},"b":{"0":[1,1],"1":[0,0],"2":[0,0],"3":[0,0],"4":[0,0],"5":[0,0],"6":[0,0],"7":[0,0],"8":[0,0],"9":[0,0],"10":[0,0],"11":[0,0],"12":[0,0],"13":[0,0],"14":[0,0],"15":[0,0],"16":[0,0],"17":[0,0],"18":[0,0],"19":[0,0,0],"20":[0,0],"21":[0,0,0],"22":[0,0],"23":[0,0],"24":[0,0],"25":[0,0],"26":[0,0],"27":[0,0],"28":[0,0],"29":[0,0],"30":[0,0,0],"31":[0,0],"32":[0,0],"33":[0,0],"34":[0,0],"35":[0,0],"36":[0,0],"37":[0,0],"38":[0,0],"39":[0,0],"40":[0,0],"41":[0,0],"42":[0,0],"43":[0,0],"44":[0,0],"45":[0,0]}}
,"/home/peter/nova-mcp/axiom-mcp/src-v4/core/logger.ts": {"path":"/home/peter/nova-mcp/axiom-mcp/src-v4/core/logger.ts","statementMap":{"0":{"start":{"line":6,"column":0},"end":{"line":6,"column":29}},"1":{"start":{"line":8,"column":0},"end":{"line":8,"column":null}},"2":{"start":{"line":9,"column":2},"end":{"line":9,"column":null}},"3":{"start":{"line":10,"column":2},"end":{"line":10,"column":null}},"4":{"start":{"line":11,"column":2},"end":{"line":11,"column":null}},"5":{"start":{"line":12,"column":2},"end":{"line":12,"column":null}},"6":{"start":{"line":13,"column":2},"end":{"line":13,"column":null}},"7":{"start":{"line":14,"column":2},"end":{"line":14,"column":null}},"8":{"start":{"line":30,"column":31},"end":{"line":30,"column":44}},"9":{"start":{"line":31,"column":44},"end":{"line":31,"column":53}},"10":{"start":{"line":32,"column":28},"end":{"line":32,"column":33}},"11":{"start":{"line":35,"column":4},"end":{"line":37,"column":5}},"12":{"start":{"line":36,"column":6},"end":{"line":36,"column":37}},"13":{"start":{"line":38,"column":4},"end":{"line":38,"column":27}},"14":{"start":{"line":43,"column":21},"end":{"line":43,"column":48}},"15":{"start":{"line":44,"column":4},"end":{"line":46,"column":5}},"16":{"start":{"line":45,"column":6},"end":{"line":45,"column":66}},"17":{"start":{"line":49,"column":4},"end":{"line":50,"column":83}},"18":{"start":{"line":54,"column":4},"end":{"line":54,"column":26}},"19":{"start":{"line":58,"column":4},"end":{"line":58,"column":34}},"20":{"start":{"line":62,"column":18},"end":{"line":62,"column":39}},"21":{"start":{"line":63,"column":17},"end":{"line":63,"column":63}},"22":{"start":{"line":66,"column":18},"end":{"line":66,"column":80}},"23":{"start":{"line":69,"column":4},"end":{"line":71,"column":5}},"24":{"start":{"line":70,"column":6},"end":{"line":70,"column":57}},"25":{"start":{"line":74,"column":4},"end":{"line":76,"column":5}},"26":{"start":{"line":75,"column":6},"end":{"line":75,"column":74}},"27":{"start":{"line":79,"column":4},"end":{"line":82,"column":5}},"28":{"start":{"line":80,"column":22},"end":{"line":80,"column":89}},"29":{"start":{"line":81,"column":6},"end":{"line":81,"column":36}},"30":{"start":{"line":84,"column":4},"end":{"line":84,"column":19}},"31":{"start":{"line":88,"column":52},"end":{"line":98,"column":6}},"32":{"start":{"line":100,"column":18},"end":{"line":100,"column":46}},"33":{"start":{"line":101,"column":4},"end":{"line":101,"column":44}},"34":{"start":{"line":105,"column":4},"end":{"line":105,"column":71}},"35":{"start":{"line":109,"column":4},"end":{"line":109,"column":71}},"36":{"start":{"line":113,"column":4},"end":{"line":113,"column":70}},"37":{"start":{"line":117,"column":4},"end":{"line":117,"column":70}},"38":{"start":{"line":121,"column":4},"end":{"line":121,"column":71}},"39":{"start":{"line":125,"column":4},"end":{"line":125,"column":71}},"40":{"start":{"line":129,"column":4},"end":{"line":129,"column":41}},"41":{"start":{"line":133,"column":22},"end":{"line":133,"column":46}},"42":{"start":{"line":134,"column":4},"end":{"line":138,"column":5}},"43":{"start":{"line":135,"column":23},"end":{"line":135,"column":45}},"44":{"start":{"line":136,"column":6},"end":{"line":136,"column":34}},"45":{"start":{"line":137,"column":6},"end":{"line":137,"column":22}},"46":{"start":{"line":139,"column":4},"end":{"line":139,"column":21}},"47":{"start":{"line":143,"column":4},"end":{"line":143,"column":39}},"48":{"start":{"line":143,"column":32},"end":{"line":143,"column":39}},"49":{"start":{"line":145,"column":28},"end":{"line":153,"column":6}},"50":{"start":{"line":156,"column":4},"end":{"line":158,"column":5}},"51":{"start":{"line":157,"column":6},"end":{"line":157,"column":47}},"52":{"start":{"line":164,"column":4},"end":{"line":164,"column":48}},"53":{"start":{"line":164,"column":41},"end":{"line":164,"column":48}},"54":{"start":{"line":167,"column":20},"end":{"line":167,"column":31}},"55":{"start":{"line":168,"column":4},"end":{"line":168,"column":25}},"56":{"start":{"line":168,"column":18},"end":{"line":168,"column":25}},"57":{"start":{"line":171,"column":4},"end":{"line":171,"column":77}},"58":{"start":{"line":174,"column":4},"end":{"line":178,"column":5}},"59":{"start":{"line":175,"column":6},"end":{"line":177,"column":7}},"60":{"start":{"line":176,"column":8},"end":{"line":176,"column":84}},"61":{"start":{"line":184,"column":4},"end":{"line":184,"column":48}},"62":{"start":{"line":184,"column":41},"end":{"line":184,"column":48}},"63":{"start":{"line":187,"column":4},"end":{"line":187,"column":65}},"64":{"start":{"line":187,"column":58},"end":{"line":187,"column":65}},"65":{"start":{"line":189,"column":17},"end":{"line":189,"column":46}},"66":{"start":{"line":190,"column":20},"end":{"line":190,"column":51}},"67":{"start":{"line":192,"column":4},"end":{"line":196,"column":5}},"68":{"start":{"line":193,"column":6},"end":{"line":193,"column":75}},"69":{"start":{"line":195,"column":6},"end":{"line":195,"column":44}},"70":{"start":{"line":201,"column":22},"end":{"line":203,"column":17}},"71":{"start":{"line":202,"column":29},"end":{"line":202,"column":46}},"72":{"start":{"line":205,"column":4},"end":{"line":205,"column":47}},"73":{"start":{"line":28,"column":0},"end":{"line":28,"column":13}}},"fnMap":{"0":{"name":"(anonymous_9)","decl":{"start":{"line":8,"column":0},"end":{"line":8,"column":12}},"loc":{"start":{"line":8,"column":20},"end":{"line":15,"column":1}}},"1":{"name":"(anonymous_10)","decl":{"start":{"line":34,"column":2},"end":{"line":34,"column":8}},"loc":{"start":{"line":34,"column":20},"end":{"line":39,"column":3}}},"2":{"name":"(anonymous_11)","decl":{"start":{"line":41,"column":2},"end":{"line":41,"column":null}},"loc":{"start":{"line":41,"column":2},"end":{"line":51,"column":3}}},"3":{"name":"(anonymous_12)","decl":{"start":{"line":53,"column":2},"end":{"line":53,"column":13}},"loc":{"start":{"line":53,"column":29},"end":{"line":55,"column":3}}},"4":{"name":"(anonymous_13)","decl":{"start":{"line":57,"column":10},"end":{"line":57,"column":19}},"loc":{"start":{"line":57,"column":35},"end":{"line":59,"column":3}}},"5":{"name":"(anonymous_14)","decl":{"start":{"line":61,"column":10},"end":{"line":61,"column":23}},"loc":{"start":{"line":61,"column":39},"end":{"line":85,"column":3}}},"6":{"name":"(anonymous_15)","decl":{"start":{"line":87,"column":10},"end":{"line":87,"column":18}},"loc":{"start":{"line":87,"column":56},"end":{"line":102,"column":3}}},"7":{"name":"(anonymous_16)","decl":{"start":{"line":104,"column":2},"end":{"line":104,"column":7}},"loc":{"start":{"line":104,"column":87},"end":{"line":106,"column":3}}},"8":{"name":"(anonymous_17)","decl":{"start":{"line":108,"column":2},"end":{"line":108,"column":7}},"loc":{"start":{"line":108,"column":87},"end":{"line":110,"column":3}}},"9":{"name":"(anonymous_18)","decl":{"start":{"line":112,"column":2},"end":{"line":112,"column":6}},"loc":{"start":{"line":112,"column":86},"end":{"line":114,"column":3}}},"10":{"name":"(anonymous_19)","decl":{"start":{"line":116,"column":2},"end":{"line":116,"column":6}},"loc":{"start":{"line":116,"column":86},"end":{"line":118,"column":3}}},"11":{"name":"(anonymous_20)","decl":{"start":{"line":120,"column":2},"end":{"line":120,"column":7}},"loc":{"start":{"line":120,"column":87},"end":{"line":122,"column":3}}},"12":{"name":"(anonymous_21)","decl":{"start":{"line":124,"column":2},"end":{"line":124,"column":7}},"loc":{"start":{"line":124,"column":87},"end":{"line":126,"column":3}}},"13":{"name":"(anonymous_22)","decl":{"start":{"line":128,"column":2},"end":{"line":128,"column":12}},"loc":{"start":{"line":128,"column":24},"end":{"line":130,"column":3}}},"14":{"name":"(anonymous_23)","decl":{"start":{"line":132,"column":2},"end":{"line":132,"column":10}},"loc":{"start":{"line":132,"column":22},"end":{"line":140,"column":3}}},"15":{"name":"(anonymous_24)","decl":{"start":{"line":142,"column":10},"end":{"line":142,"column":13}},"loc":{"start":{"line":142,"column":110},"end":{"line":159,"column":3}}},"16":{"name":"(anonymous_25)","decl":{"start":{"line":162,"column":2},"end":{"line":162,"column":11}},"loc":{"start":{"line":162,"column":75},"end":{"line":179,"column":3}}},"17":{"name":"(anonymous_26)","decl":{"start":{"line":182,"column":2},"end":{"line":182,"column":9}},"loc":{"start":{"line":182,"column":79},"end":{"line":197,"column":3}}},"18":{"name":"(anonymous_27)","decl":{"start":{"line":200,"column":2},"end":{"line":200,"column":12}},"loc":{"start":{"line":200,"column":63},"end":{"line":206,"column":3}}},"19":{"name":"(anonymous_28)","decl":{"start":{"line":202,"column":11},"end":{"line":202,"column":12}},"loc":{"start":{"line":202,"column":29},"end":{"line":202,"column":46}}}},"branchMap":{"0":{"loc":{"start":{"line":8,"column":12},"end":{"line":8,"column":null}},"type":"binary-expr","locations":[{"start":{"line":8,"column":12},"end":{"line":8,"column":20}},{"start":{"line":8,"column":20},"end":{"line":8,"column":null}}]},"1":{"loc":{"start":{"line":35,"column":4},"end":{"line":37,"column":5}},"type":"if","locations":[{"start":{"line":35,"column":4},"end":{"line":37,"column":5}},{"start":{},"end":{}}]},"2":{"loc":{"start":{"line":44,"column":4},"end":{"line":46,"column":5}},"type":"if","locations":[{"start":{"line":44,"column":4},"end":{"line":46,"column":5}},{"start":{},"end":{}}]},"3":{"loc":{"start":{"line":44,"column":8},"end":{"line":44,"column":40}},"type":"binary-expr","locations":[{"start":{"line":44,"column":8},"end":{"line":44,"column":16}},{"start":{"line":44,"column":20},"end":{"line":44,"column":40}}]},"4":{"loc":{"start":{"line":49,"column":18},"end":{"line":50,"column":82}},"type":"binary-expr","locations":[{"start":{"line":49,"column":18},"end":{"line":49,"column":53}},{"start":{"line":50,"column":19},"end":{"line":50,"column":47}},{"start":{"line":50,"column":51},"end":{"line":50,"column":81}}]},"5":{"loc":{"start":{"line":69,"column":4},"end":{"line":71,"column":5}},"type":"if","locations":[{"start":{"line":69,"column":4},"end":{"line":71,"column":5}},{"start":{},"end":{}}]},"6":{"loc":{"start":{"line":74,"column":4},"end":{"line":76,"column":5}},"type":"if","locations":[{"start":{"line":74,"column":4},"end":{"line":76,"column":5}},{"start":{},"end":{}}]},"7":{"loc":{"start":{"line":79,"column":4},"end":{"line":82,"column":5}},"type":"if","locations":[{"start":{"line":79,"column":4},"end":{"line":82,"column":5}},{"start":{},"end":{}}]},"8":{"loc":{"start":{"line":79,"column":8},"end":{"line":79,"column":53}},"type":"binary-expr","locations":[{"start":{"line":79,"column":8},"end":{"line":79,"column":18}},{"start":{"line":79,"column":22},"end":{"line":79,"column":53}}]},"9":{"loc":{"start":{"line":100,"column":18},"end":{"line":100,"column":46}},"type":"binary-expr","locations":[{"start":{"line":100,"column":18},"end":{"line":100,"column":30}},{"start":{"line":100,"column":34},"end":{"line":100,"column":46}}]},"10":{"loc":{"start":{"line":134,"column":4},"end":{"line":138,"column":5}},"type":"if","locations":[{"start":{"line":134,"column":4},"end":{"line":138,"column":5}},{"start":{},"end":{}}]},"11":{"loc":{"start":{"line":143,"column":4},"end":{"line":143,"column":39}},"type":"if","locations":[{"start":{"line":143,"column":4},"end":{"line":143,"column":39}},{"start":{},"end":{}}]},"12":{"loc":{"start":{"line":156,"column":4},"end":{"line":158,"column":5}},"type":"if","locations":[{"start":{"line":156,"column":4},"end":{"line":158,"column":5}},{"start":{},"end":{}}]},"13":{"loc":{"start":{"line":164,"column":4},"end":{"line":164,"column":48}},"type":"if","locations":[{"start":{"line":164,"column":4},"end":{"line":164,"column":48}},{"start":{},"end":{}}]},"14":{"loc":{"start":{"line":168,"column":4},"end":{"line":168,"column":25}},"type":"if","locations":[{"start":{"line":168,"column":4},"end":{"line":168,"column":25}},{"start":{},"end":{}}]},"15":{"loc":{"start":{"line":174,"column":4},"end":{"line":178,"column":5}},"type":"if","locations":[{"start":{"line":174,"column":4},"end":{"line":178,"column":5}},{"start":{},"end":{}}]},"16":{"loc":{"start":{"line":174,"column":8},"end":{"line":174,"column":61}},"type":"binary-expr","locations":[{"start":{"line":174,"column":8},"end":{"line":174,"column":26}},{"start":{"line":174,"column":30},"end":{"line":174,"column":61}}]},"17":{"loc":{"start":{"line":184,"column":4},"end":{"line":184,"column":48}},"type":"if","locations":[{"start":{"line":184,"column":4},"end":{"line":184,"column":48}},{"start":{},"end":{}}]},"18":{"loc":{"start":{"line":187,"column":4},"end":{"line":187,"column":65}},"type":"if","locations":[{"start":{"line":187,"column":4},"end":{"line":187,"column":65}},{"start":{},"end":{}}]},"19":{"loc":{"start":{"line":187,"column":8},"end":{"line":187,"column":56}},"type":"binary-expr","locations":[{"start":{"line":187,"column":8},"end":{"line":187,"column":23}},{"start":{"line":187,"column":27},"end":{"line":187,"column":56}}]},"20":{"loc":{"start":{"line":189,"column":17},"end":{"line":189,"column":46}},"type":"cond-expr","locations":[{"start":{"line":189,"column":37},"end":{"line":189,"column":40}},{"start":{"line":189,"column":43},"end":{"line":189,"column":46}}]},"21":{"loc":{"start":{"line":192,"column":4},"end":{"line":196,"column":5}},"type":"if","locations":[{"start":{"line":192,"column":4},"end":{"line":196,"column":5}},{"start":{"line":194,"column":11},"end":{"line":196,"column":5}}]},"22":{"loc":{"start":{"line":192,"column":8},"end":{"line":192,"column":54}},"type":"binary-expr","locations":[{"start":{"line":192,"column":8},"end":{"line":192,"column":22}},{"start":{"line":192,"column":26},"end":{"line":192,"column":54}}]}},"s":{"0":1,"1":1,"2":1,"3":1,"4":1,"5":1,"6":1,"7":1,"8":1,"9":1,"10":1,"11":1,"12":1,"13":1,"14":1,"15":1,"16":0,"17":1,"18":0,"19":17,"20":0,"21":0,"22":0,"23":0,"24":0,"25":0,"26":0,"27":0,"28":0,"29":0,"30":0,"31":0,"32":0,"33":0,"34":12,"35":2,"36":3,"37":0,"38":0,"39":0,"40":0,"41":0,"42":0,"43":0,"44":0,"45":0,"46":0,"47":17,"48":17,"49":0,"50":0,"51":0,"52":0,"53":0,"54":0,"55":0,"56":0,"57":0,"58":0,"59":0,"60":0,"61":0,"62":0,"63":0,"64":0,"65":0,"66":0,"67":0,"68":0,"69":0,"70":0,"71":0,"72":0,"73":1},"f":{"0":1,"1":1,"2":1,"3":0,"4":17,"5":0,"6":0,"7":12,"8":2,"9":3,"10":0,"11":0,"12":0,"13":0,"14":0,"15":17,"16":0,"17":0,"18":0,"19":0},"b":{"0":[1,1],"1":[1,0],"2":[0,1],"3":[1,0],"4":[1,1,1],"5":[0,0],"6":[0,0],"7":[0,0],"8":[0,0],"9":[0,0],"10":[0,0],"11":[17,0],"12":[0,0],"13":[0,0],"14":[0,0],"15":[0,0],"16":[0,0],"17":[0,0],"18":[0,0],"19":[0,0],"20":[0,0],"21":[0,0],"22":[0,0]}}
,"/home/peter/nova-mcp/axiom-mcp/src-v4/core/simple-logger.ts": {"path":"/home/peter/nova-mcp/axiom-mcp/src-v4/core/simple-logger.ts","statementMap":{"0":{"start":{"line":6,"column":0},"end":{"line":6,"column":16}},"1":{"start":{"line":21,"column":0},"end":{"line":21,"column":16}},"2":{"start":{"line":1,"column":0},"end":{"line":1,"column":25}},"3":{"start":{"line":2,"column":0},"end":{"line":2,"column":29}},"4":{"start":{"line":4,"column":16},"end":{"line":4,"column":94}},"5":{"start":{"line":7,"column":20},"end":{"line":7,"column":44}},"6":{"start":{"line":8,"column":18},"end":{"line":8,"column":103}},"7":{"start":{"line":11,"column":2},"end":{"line":11,"column":32}},"8":{"start":{"line":14,"column":2},"end":{"line":18,"column":3}},"9":{"start":{"line":15,"column":4},"end":{"line":15,"column":40}},"10":{"start":{"line":17,"column":4},"end":{"line":17,"column":66}},"11":{"start":{"line":22,"column":2},"end":{"line":22,"column":17}}},"fnMap":{"0":{"name":"logDebug","decl":{"start":{"line":6,"column":16},"end":{"line":6,"column":24}},"loc":{"start":{"line":6,"column":71},"end":{"line":19,"column":1}}},"1":{"name":"getLogFile","decl":{"start":{"line":21,"column":16},"end":{"line":21,"column":26}},"loc":{"start":{"line":21,"column":26},"end":{"line":23,"column":1}}}},"branchMap":{"0":{"loc":{"start":{"line":8,"column":61},"end":{"line":8,"column":99}},"type":"cond-expr","locations":[{"start":{"line":8,"column":68},"end":{"line":8,"column":94}},{"start":{"line":8,"column":97},"end":{"line":8,"column":99}}]}},"s":{"0":1,"1":1,"2":1,"3":1,"4":1,"5":22,"6":22,"7":22,"8":22,"9":22,"10":0,"11":0},"f":{"0":22,"1":0},"b":{"0":[17,5]}}
,"/home/peter/nova-mcp/axiom-mcp/src-v4/executors/pty-executor.ts": {"path":"/home/peter/nova-mcp/axiom-mcp/src-v4/executors/pty-executor.ts","statementMap":{"0":{"start":{"line":1,"column":0},"end":{"line":1,"column":39}},"1":{"start":{"line":2,"column":0},"end":{"line":2,"column":38}},"2":{"start":{"line":3,"column":0},"end":{"line":3,"column":25}},"3":{"start":{"line":4,"column":0},"end":{"line":4,"column":75}},"4":{"start":{"line":5,"column":0},"end":{"line":5,"column":43}},"5":{"start":{"line":6,"column":0},"end":{"line":6,"column":52}},"6":{"start":{"line":8,"column":15},"end":{"line":8,"column":35}},"7":{"start":{"line":20,"column":27},"end":{"line":20,"column":29}},"8":{"start":{"line":21,"column":32},"end":{"line":21,"column":37}},"9":{"start":{"line":22,"column":40},"end":{"line":22,"column":42}},"10":{"start":{"line":26,"column":4},"end":{"line":26,"column":12}},"11":{"start":{"line":25,"column":22},"end":{"line":25,"column":49}},"12":{"start":{"line":27,"column":4},"end":{"line":27,"column":53}},"13":{"start":{"line":36,"column":4},"end":{"line":40,"column":7}},"14":{"start":{"line":42,"column":4},"end":{"line":218,"column":7}},"15":{"start":{"line":43,"column":20},"end":{"line":43,"column":97}},"16":{"start":{"line":44,"column":18},"end":{"line":44,"column":51}},"17":{"start":{"line":46,"column":6},"end":{"line":46,"column":86}},"18":{"start":{"line":49,"column":6},"end":{"line":53,"column":9}},"19":{"start":{"line":55,"column":6},"end":{"line":82,"column":7}},"20":{"start":{"line":56,"column":8},"end":{"line":69,"column":11}},"21":{"start":{"line":71,"column":8},"end":{"line":74,"column":11}},"22":{"start":{"line":76,"column":8},"end":{"line":79,"column":11}},"23":{"start":{"line":80,"column":8},"end":{"line":80,"column":22}},"24":{"start":{"line":81,"column":8},"end":{"line":81,"column":15}},"25":{"start":{"line":84,"column":6},"end":{"line":84,"column":92}},"26":{"start":{"line":87,"column":6},"end":{"line":91,"column":9}},"27":{"start":{"line":94,"column":6},"end":{"line":94,"column":51}},"28":{"start":{"line":95,"column":27},"end":{"line":95,"column":32}},"29":{"start":{"line":98,"column":6},"end":{"line":140,"column":9}},"30":{"start":{"line":99,"column":8},"end":{"line":102,"column":9}},"31":{"start":{"line":100,"column":10},"end":{"line":100,"column":32}},"32":{"start":{"line":101,"column":10},"end":{"line":101,"column":58}},"33":{"start":{"line":104,"column":8},"end":{"line":107,"column":11}},"34":{"start":{"line":109,"column":8},"end":{"line":113,"column":11}},"35":{"start":{"line":115,"column":8},"end":{"line":115,"column":28}},"36":{"start":{"line":118,"column":8},"end":{"line":128,"column":9}},"37":{"start":{"line":119,"column":25},"end":{"line":122,"column":12}},"38":{"start":{"line":125,"column":10},"end":{"line":127,"column":11}},"39":{"start":{"line":126,"column":12},"end":{"line":126,"column":61}},"40":{"start":{"line":131,"column":8},"end":{"line":133,"column":9}},"41":{"start":{"line":132,"column":10},"end":{"line":132,"column":30}},"42":{"start":{"line":136,"column":8},"end":{"line":136,"column":32}},"43":{"start":{"line":139,"column":8},"end":{"line":139,"column":30}},"44":{"start":{"line":143,"column":6},"end":{"line":143,"column":51}},"45":{"start":{"line":144,"column":6},"end":{"line":159,"column":9}},"46":{"start":{"line":145,"column":8},"end":{"line":145,"column":58}},"47":{"start":{"line":146,"column":8},"end":{"line":150,"column":11}},"48":{"start":{"line":152,"column":8},"end":{"line":152,"column":31}},"49":{"start":{"line":154,"column":8},"end":{"line":158,"column":9}},"50":{"start":{"line":155,"column":10},"end":{"line":155,"column":31}},"51":{"start":{"line":157,"column":10},"end":{"line":157,"column":77}},"52":{"start":{"line":162,"column":6},"end":{"line":168,"column":7}},"53":{"start":{"line":163,"column":8},"end":{"line":163,"column":97}},"54":{"start":{"line":164,"column":8},"end":{"line":167,"column":11}},"55":{"start":{"line":171,"column":28},"end":{"line":171,"column":38}},"56":{"start":{"line":173,"column":6},"end":{"line":176,"column":9}},"57":{"start":{"line":178,"column":6},"end":{"line":180,"column":9}},"58":{"start":{"line":183,"column":6},"end":{"line":183,"column":36}},"59":{"start":{"line":186,"column":6},"end":{"line":191,"column":15}},"60":{"start":{"line":187,"column":8},"end":{"line":189,"column":11}},"61":{"start":{"line":190,"column":8},"end":{"line":190,"column":52}},"62":{"start":{"line":190,"column":22},"end":{"line":190,"column":52}},"63":{"start":{"line":193,"column":6},"end":{"line":193,"column":55}},"64":{"start":{"line":195,"column":6},"end":{"line":195,"column":96}},"65":{"start":{"line":198,"column":6},"end":{"line":198,"column":28}},"66":{"start":{"line":201,"column":6},"end":{"line":206,"column":15}},"67":{"start":{"line":202,"column":8},"end":{"line":205,"column":9}},"68":{"start":{"line":203,"column":10},"end":{"line":203,"column":79}},"69":{"start":{"line":204,"column":10},"end":{"line":204,"column":61}},"70":{"start":{"line":204,"column":24},"end":{"line":204,"column":61}},"71":{"start":{"line":208,"column":6},"end":{"line":217,"column":15}},"72":{"start":{"line":209,"column":8},"end":{"line":216,"column":9}},"73":{"start":{"line":210,"column":10},"end":{"line":213,"column":13}},"74":{"start":{"line":215,"column":10},"end":{"line":215,"column":60}},"75":{"start":{"line":215,"column":24},"end":{"line":215,"column":60}},"76":{"start":{"line":223,"column":4},"end":{"line":225,"column":5}},"77":{"start":{"line":224,"column":6},"end":{"line":224,"column":35}},"78":{"start":{"line":228,"column":4},"end":{"line":234,"column":14}},"79":{"start":{"line":229,"column":6},"end":{"line":233,"column":7}},"80":{"start":{"line":230,"column":8},"end":{"line":230,"column":98}},"81":{"start":{"line":231,"column":8},"end":{"line":231,"column":96}},"82":{"start":{"line":232,"column":8},"end":{"line":232,"column":25}},"83":{"start":{"line":239,"column":4},"end":{"line":239,"column":64}},"84":{"start":{"line":240,"column":25},"end":{"line":240,"column":26}},"85":{"start":{"line":242,"column":4},"end":{"line":258,"column":14}},"86":{"start":{"line":243,"column":6},"end":{"line":243,"column":23}},"87":{"start":{"line":244,"column":6},"end":{"line":257,"column":7}},"88":{"start":{"line":245,"column":8},"end":{"line":250,"column":11}},"89":{"start":{"line":251,"column":8},"end":{"line":251,"column":29}},"90":{"start":{"line":253,"column":8},"end":{"line":256,"column":11}},"91":{"start":{"line":262,"column":4},"end":{"line":273,"column":5}},"92":{"start":{"line":263,"column":6},"end":{"line":263,"column":90}},"93":{"start":{"line":264,"column":6},"end":{"line":264,"column":30}},"94":{"start":{"line":267,"column":6},"end":{"line":272,"column":7}},"95":{"start":{"line":268,"column":8},"end":{"line":271,"column":11}},"96":{"start":{"line":277,"column":4},"end":{"line":287,"column":5}},"97":{"start":{"line":279,"column":28},"end":{"line":284,"column":34}},"98":{"start":{"line":286,"column":6},"end":{"line":286,"column":36}},"99":{"start":{"line":291,"column":4},"end":{"line":293,"column":5}},"100":{"start":{"line":292,"column":6},"end":{"line":292,"column":29}},"101":{"start":{"line":297,"column":4},"end":{"line":299,"column":5}},"102":{"start":{"line":298,"column":6},"end":{"line":298,"column":36}},"103":{"start":{"line":301,"column":4},"end":{"line":303,"column":5}},"104":{"start":{"line":302,"column":6},"end":{"line":302,"column":35}},"105":{"start":{"line":305,"column":4},"end":{"line":308,"column":5}},"106":{"start":{"line":306,"column":6},"end":{"line":306,"column":22}},"107":{"start":{"line":307,"column":6},"end":{"line":307,"column":29}},"108":{"start":{"line":312,"column":4},"end":{"line":312,"column":23}},"109":{"start":{"line":316,"column":4},"end":{"line":316,"column":54}},"110":{"start":{"line":18,"column":0},"end":{"line":18,"column":13}}},"fnMap":{"0":{"name":"(anonymous_9)","decl":{"start":{"line":25,"column":2},"end":{"line":25,"column":22}},"loc":{"start":{"line":25,"column":51},"end":{"line":28,"column":3}}},"1":{"name":"(anonymous_10)","decl":{"start":{"line":30,"column":2},"end":{"line":30,"column":7}},"loc":{"start":{"line":34,"column":42},"end":{"line":219,"column":3}}},"2":{"name":"(anonymous_11)","decl":{"start":{"line":42,"column":23},"end":{"line":42,"column":24}},"loc":{"start":{"line":42,"column":43},"end":{"line":218,"column":5}}},"3":{"name":"(anonymous_12)","decl":{"start":{"line":98,"column":22},"end":{"line":98,"column":27}},"loc":{"start":{"line":98,"column":45},"end":{"line":140,"column":7}}},"4":{"name":"(anonymous_13)","decl":{"start":{"line":144,"column":22},"end":{"line":144,"column":23}},"loc":{"start":{"line":144,"column":35},"end":{"line":159,"column":7}}},"5":{"name":"(anonymous_14)","decl":{"start":{"line":186,"column":17},"end":{"line":186,"column":20}},"loc":{"start":{"line":186,"column":22},"end":{"line":191,"column":7}}},"6":{"name":"(anonymous_15)","decl":{"start":{"line":201,"column":17},"end":{"line":201,"column":20}},"loc":{"start":{"line":201,"column":22},"end":{"line":206,"column":7}}},"7":{"name":"(anonymous_16)","decl":{"start":{"line":208,"column":17},"end":{"line":208,"column":20}},"loc":{"start":{"line":208,"column":22},"end":{"line":217,"column":7}}},"8":{"name":"(anonymous_17)","decl":{"start":{"line":222,"column":10},"end":{"line":222,"column":24}},"loc":{"start":{"line":222,"column":24},"end":{"line":235,"column":3}}},"9":{"name":"(anonymous_18)","decl":{"start":{"line":228,"column":32},"end":{"line":228,"column":35}},"loc":{"start":{"line":228,"column":37},"end":{"line":234,"column":5}}},"10":{"name":"(anonymous_19)","decl":{"start":{"line":238,"column":10},"end":{"line":238,"column":24}},"loc":{"start":{"line":238,"column":24},"end":{"line":259,"column":3}}},"11":{"name":"(anonymous_20)","decl":{"start":{"line":242,"column":33},"end":{"line":242,"column":36}},"loc":{"start":{"line":242,"column":38},"end":{"line":258,"column":5}}},"12":{"name":"(anonymous_21)","decl":{"start":{"line":261,"column":2},"end":{"line":261,"column":15}},"loc":{"start":{"line":261,"column":31},"end":{"line":274,"column":3}}},"13":{"name":"(anonymous_22)","decl":{"start":{"line":276,"column":2},"end":{"line":276,"column":7}},"loc":{"start":{"line":276,"column":20},"end":{"line":288,"column":3}}},"14":{"name":"(anonymous_23)","decl":{"start":{"line":290,"column":2},"end":{"line":290,"column":11}},"loc":{"start":{"line":290,"column":11},"end":{"line":294,"column":3}}},"15":{"name":"(anonymous_24)","decl":{"start":{"line":296,"column":2},"end":{"line":296,"column":6}},"loc":{"start":{"line":296,"column":6},"end":{"line":309,"column":3}}},"16":{"name":"(anonymous_25)","decl":{"start":{"line":311,"column":2},"end":{"line":311,"column":11}},"loc":{"start":{"line":311,"column":11},"end":{"line":313,"column":3}}},"17":{"name":"(anonymous_26)","decl":{"start":{"line":315,"column":2},"end":{"line":315,"column":11}},"loc":{"start":{"line":315,"column":11},"end":{"line":317,"column":3}}}},"branchMap":{"0":{"loc":{"start":{"line":25,"column":22},"end":{"line":25,"column":51}},"type":"default-arg","locations":[{"start":{"line":25,"column":49},"end":{"line":25,"column":51}}]},"1":{"loc":{"start":{"line":43,"column":20},"end":{"line":43,"column":97}},"type":"binary-expr","locations":[{"start":{"line":43,"column":20},"end":{"line":43,"column":38}},{"start":{"line":43,"column":43},"end":{"line":43,"column":96}}]},"2":{"loc":{"start":{"line":43,"column":43},"end":{"line":43,"column":96}},"type":"cond-expr","locations":[{"start":{"line":43,"column":71},"end":{"line":43,"column":87}},{"start":{"line":43,"column":90},"end":{"line":43,"column":96}}]},"3":{"loc":{"start":{"line":44,"column":18},"end":{"line":44,"column":51}},"type":"binary-expr","locations":[{"start":{"line":44,"column":18},"end":{"line":44,"column":34}},{"start":{"line":44,"column":38},"end":{"line":44,"column":51}}]},"4":{"loc":{"start":{"line":77,"column":17},"end":{"line":77,"column":63}},"type":"cond-expr","locations":[{"start":{"line":77,"column":42},"end":{"line":77,"column":55}},{"start":{"line":77,"column":58},"end":{"line":77,"column":63}}]},"5":{"loc":{"start":{"line":78,"column":17},"end":{"line":78,"column":65}},"type":"cond-expr","locations":[{"start":{"line":78,"column":42},"end":{"line":78,"column":53}},{"start":{"line":78,"column":56},"end":{"line":78,"column":65}}]},"6":{"loc":{"start":{"line":99,"column":8},"end":{"line":102,"column":9}},"type":"if","locations":[{"start":{"line":99,"column":8},"end":{"line":102,"column":9}},{"start":{},"end":{}}]},"7":{"loc":{"start":{"line":118,"column":8},"end":{"line":128,"column":9}},"type":"if","locations":[{"start":{"line":118,"column":8},"end":{"line":128,"column":9}},{"start":{},"end":{}}]},"8":{"loc":{"start":{"line":125,"column":10},"end":{"line":127,"column":11}},"type":"if","locations":[{"start":{"line":125,"column":10},"end":{"line":127,"column":11}},{"start":{},"end":{}}]},"9":{"loc":{"start":{"line":131,"column":8},"end":{"line":133,"column":9}},"type":"if","locations":[{"start":{"line":131,"column":8},"end":{"line":133,"column":9}},{"start":{},"end":{}}]},"10":{"loc":{"start":{"line":154,"column":8},"end":{"line":158,"column":9}},"type":"if","locations":[{"start":{"line":154,"column":8},"end":{"line":158,"column":9}},{"start":{"line":156,"column":15},"end":{"line":158,"column":9}}]},"11":{"loc":{"start":{"line":162,"column":6},"end":{"line":168,"column":7}},"type":"if","locations":[{"start":{"line":162,"column":6},"end":{"line":168,"column":7}},{"start":{},"end":{}}]},"12":{"loc":{"start":{"line":190,"column":8},"end":{"line":190,"column":52}},"type":"if","locations":[{"start":{"line":190,"column":8},"end":{"line":190,"column":52}},{"start":{},"end":{}}]},"13":{"loc":{"start":{"line":202,"column":8},"end":{"line":205,"column":9}},"type":"if","locations":[{"start":{"line":202,"column":8},"end":{"line":205,"column":9}},{"start":{},"end":{}}]},"14":{"loc":{"start":{"line":204,"column":10},"end":{"line":204,"column":61}},"type":"if","locations":[{"start":{"line":204,"column":10},"end":{"line":204,"column":61}},{"start":{},"end":{}}]},"15":{"loc":{"start":{"line":209,"column":8},"end":{"line":216,"column":9}},"type":"if","locations":[{"start":{"line":209,"column":8},"end":{"line":216,"column":9}},{"start":{},"end":{}}]},"16":{"loc":{"start":{"line":215,"column":10},"end":{"line":215,"column":60}},"type":"if","locations":[{"start":{"line":215,"column":10},"end":{"line":215,"column":60}},{"start":{},"end":{}}]},"17":{"loc":{"start":{"line":223,"column":4},"end":{"line":225,"column":5}},"type":"if","locations":[{"start":{"line":223,"column":4},"end":{"line":225,"column":5}},{"start":{},"end":{}}]},"18":{"loc":{"start":{"line":229,"column":6},"end":{"line":233,"column":7}},"type":"if","locations":[{"start":{"line":229,"column":6},"end":{"line":233,"column":7}},{"start":{},"end":{}}]},"19":{"loc":{"start":{"line":244,"column":6},"end":{"line":257,"column":7}},"type":"if","locations":[{"start":{"line":244,"column":6},"end":{"line":257,"column":7}},{"start":{"line":252,"column":13},"end":{"line":257,"column":7}}]},"20":{"loc":{"start":{"line":244,"column":10},"end":{"line":244,"column":38}},"type":"binary-expr","locations":[{"start":{"line":244,"column":10},"end":{"line":244,"column":26}},{"start":{"line":244,"column":30},"end":{"line":244,"column":38}}]},"21":{"loc":{"start":{"line":262,"column":4},"end":{"line":273,"column":5}},"type":"if","locations":[{"start":{"line":262,"column":4},"end":{"line":273,"column":5}},{"start":{},"end":{}}]},"22":{"loc":{"start":{"line":262,"column":8},"end":{"line":262,"column":36}},"type":"binary-expr","locations":[{"start":{"line":262,"column":8},"end":{"line":262,"column":16}},{"start":{"line":262,"column":20},"end":{"line":262,"column":36}}]},"23":{"loc":{"start":{"line":267,"column":6},"end":{"line":272,"column":7}},"type":"if","locations":[{"start":{"line":267,"column":6},"end":{"line":272,"column":7}},{"start":{},"end":{}}]},"24":{"loc":{"start":{"line":277,"column":4},"end":{"line":287,"column":5}},"type":"if","locations":[{"start":{"line":277,"column":4},"end":{"line":287,"column":5}},{"start":{},"end":{}}]},"25":{"loc":{"start":{"line":277,"column":8},"end":{"line":277,"column":36}},"type":"binary-expr","locations":[{"start":{"line":277,"column":8},"end":{"line":277,"column":16}},{"start":{"line":277,"column":20},"end":{"line":277,"column":36}}]},"26":{"loc":{"start":{"line":291,"column":4},"end":{"line":293,"column":5}},"type":"if","locations":[{"start":{"line":291,"column":4},"end":{"line":293,"column":5}},{"start":{},"end":{}}]},"27":{"loc":{"start":{"line":291,"column":8},"end":{"line":291,"column":36}},"type":"binary-expr","locations":[{"start":{"line":291,"column":8},"end":{"line":291,"column":16}},{"start":{"line":291,"column":20},"end":{"line":291,"column":36}}]},"28":{"loc":{"start":{"line":297,"column":4},"end":{"line":299,"column":5}},"type":"if","locations":[{"start":{"line":297,"column":4},"end":{"line":299,"column":5}},{"start":{},"end":{}}]},"29":{"loc":{"start":{"line":301,"column":4},"end":{"line":303,"column":5}},"type":"if","locations":[{"start":{"line":301,"column":4},"end":{"line":303,"column":5}},{"start":{},"end":{}}]},"30":{"loc":{"start":{"line":305,"column":4},"end":{"line":308,"column":5}},"type":"if","locations":[{"start":{"line":305,"column":4},"end":{"line":308,"column":5}},{"start":{},"end":{}}]},"31":{"loc":{"start":{"line":316,"column":11},"end":{"line":316,"column":53}},"type":"binary-expr","locations":[{"start":{"line":316,"column":11},"end":{"line":316,"column":27}},{"start":{"line":316,"column":31},"end":{"line":316,"column":53}}]}},"s":{"0":1,"1":1,"2":1,"3":1,"4":1,"5":1,"6":1,"7":1,"8":1,"9":1,"10":1,"11":1,"12":1,"13":1,"14":1,"15":1,"16":1,"17":1,"18":1,"19":1,"20":1,"21":1,"22":0,"23":0,"24":0,"25":1,"26":1,"27":1,"28":1,"29":1,"30":12,"31":1,"32":1,"33":12,"34":12,"35":12,"36":12,"37":0,"38":0,"39":0,"40":12,"41":12,"42":12,"43":12,"44":1,"45":1,"46":0,"47":0,"48":0,"49":0,"50":0,"51":0,"52":1,"53":0,"54":0,"55":1,"56":1,"57":1,"58":1,"59":1,"60":1,"61":1,"62":1,"63":1,"64":1,"65":1,"66":1,"67":1,"68":0,"69":0,"70":0,"71":1,"72":1,"73":0,"74":0,"75":0,"76":12,"77":11,"78":12,"79":0,"80":0,"81":0,"82":0,"83":1,"84":1,"85":1,"86":0,"87":0,"88":0,"89":0,"90":0,"91":0,"92":0,"93":0,"94":0,"95":0,"96":0,"97":0,"98":0,"99":0,"100":0,"101":1,"102":1,"103":1,"104":1,"105":1,"106":1,"107":1,"108":0,"109":1,"110":1},"f":{"0":1,"1":1,"2":1,"3":12,"4":0,"5":1,"6":1,"7":1,"8":12,"9":0,"10":1,"11":0,"12":0,"13":0,"14":0,"15":1,"16":0,"17":1},"b":{"0":[0],"1":[1,0],"2":[0,0],"3":[1,1],"4":[0,0],"5":[0,0],"6":[1,11],"7":[0,12],"8":[0,0],"9":[12,0],"10":[0,0],"11":[0,1],"12":[1,0],"13":[0,1],"14":[0,0],"15":[0,1],"16":[0,0],"17":[11,1],"18":[0,0],"19":[0,0],"20":[0,0],"21":[0,0],"22":[0,0],"23":[0,0],"24":[0,0],"25":[0,0],"26":[0,0],"27":[0,0],"28":[1,0],"29":[1,0],"30":[1,0],"31":[1,1]}}
}
