TN:
SF:src-v4/core/hook-orchestrator.ts
FN:10,(anonymous_0)
FN:83,(anonymous_1)
FN:94,(anonymous_2)
FN:105,(anonymous_3)
FN:118,(anonymous_4)
FN:172,(anonymous_5)
FN:291,(anonymous_6)
FN:303,(anonymous_7)
FN:373,(anonymous_8)
FN:443,(anonymous_9)
FN:460,(anonymous_10)
FN:467,(anonymous_11)
FN:478,(anonymous_12)
FN:489,(anonymous_13)
FN:497,(anonymous_14)
FN:512,(anonymous_15)
FN:527,(anonymous_16)
FN:538,(anonymous_17)
FN:545,(anonymous_18)
FNF:19
FNH:1
FNDA:1,(anonymous_0)
FNDA:0,(anonymous_1)
FNDA:0,(anonymous_2)
FNDA:0,(anonymous_3)
FNDA:0,(anonymous_4)
FNDA:0,(anonymous_5)
FNDA:0,(anonymous_6)
FNDA:0,(anonymous_7)
FNDA:0,(anonymous_8)
FNDA:0,(anonymous_9)
FNDA:0,(anonymous_10)
FNDA:0,(anonymous_11)
FNDA:0,(anonymous_12)
FNDA:0,(anonymous_13)
FNDA:0,(anonymous_14)
FNDA:0,(anonymous_15)
FNDA:0,(anonymous_16)
FNDA:0,(anonymous_17)
FNDA:0,(anonymous_18)
DA:6,1
DA:7,1
DA:8,1
DA:10,1
DA:12,1
DA:13,1
DA:14,1
DA:17,1
DA:18,1
DA:19,1
DA:20,1
DA:21,1
DA:24,1
DA:25,1
DA:28,1
DA:29,1
DA:73,1
DA:74,0
DA:78,0
DA:79,0
DA:80,0
DA:84,0
DA:85,0
DA:86,0
DA:87,0
DA:88,0
DA:95,0
DA:101,0
DA:102,0
DA:103,0
DA:105,0
DA:106,0
DA:109,0
DA:119,0
DA:120,0
DA:121,0
DA:123,0
DA:125,0
DA:133,0
DA:134,0
DA:135,0
DA:137,0
DA:138,0
DA:142,0
DA:145,0
DA:147,0
DA:154,0
DA:155,0
DA:159,0
DA:160,0
DA:162,0
DA:163,0
DA:165,0
DA:167,0
DA:168,0
DA:169,0
DA:172,0
DA:173,0
DA:180,0
DA:181,0
DA:182,0
DA:185,0
DA:186,0
DA:189,0
DA:194,0
DA:195,0
DA:196,0
DA:197,0
DA:201,0
DA:202,0
DA:206,0
DA:207,0
DA:208,0
DA:209,0
DA:213,0
DA:216,0
DA:222,0
DA:225,0
DA:226,0
DA:232,0
DA:233,0
DA:234,0
DA:239,0
DA:240,0
DA:241,0
DA:242,0
DA:243,0
DA:247,0
DA:248,0
DA:249,0
DA:251,0
DA:256,0
DA:260,0
DA:261,0
DA:263,0
DA:264,0
DA:266,0
DA:275,0
DA:278,0
DA:279,0
DA:287,0
DA:290,0
DA:292,0
DA:293,0
DA:294,0
DA:295,0
DA:296,0
DA:298,0
DA:299,0
DA:300,0
DA:301,0
DA:304,0
DA:305,0
DA:306,0
DA:307,0
DA:308,0
DA:310,0
DA:311,0
DA:312,0
DA:313,0
DA:317,0
DA:318,0
DA:333,0
DA:334,0
DA:337,0
DA:339,0
DA:340,0
DA:341,0
DA:348,0
DA:349,0
DA:351,0
DA:353,0
DA:354,0
DA:356,0
DA:358,0
DA:362,0
DA:363,0
DA:365,0
DA:366,0
DA:374,0
DA:375,0
DA:377,0
DA:384,0
DA:392,0
DA:393,0
DA:395,0
DA:396,0
DA:397,0
DA:398,0
DA:399,0
DA:402,0
DA:403,0
DA:404,0
DA:410,0
DA:414,0
DA:415,0
DA:421,0
DA:430,0
DA:431,0
DA:437,0
DA:444,0
DA:447,0
DA:448,0
DA:449,0
DA:450,0
DA:453,0
DA:454,0
DA:461,0
DA:468,0
DA:469,0
DA:479,0
DA:480,0
DA:481,0
DA:490,0
DA:496,0
DA:497,0
DA:501,0
DA:506,0
DA:513,0
DA:514,0
DA:517,0
DA:518,0
DA:519,0
DA:521,0
DA:528,0
DA:529,0
DA:530,0
DA:539,0
DA:546,0
DA:547,0
DA:548,0
DA:550,0
LF:192
LH:17
BRDA:10,0,0,1
BRDA:10,0,1,1
BRDA:102,1,0,0
BRDA:102,1,1,0
BRDA:137,2,0,0
BRDA:137,2,1,0
BRDA:142,3,0,0
BRDA:142,3,1,0
BRDA:145,4,0,0
BRDA:145,4,1,0
BRDA:154,5,0,0
BRDA:154,5,1,0
BRDA:180,6,0,0
BRDA:180,6,1,0
BRDA:180,7,0,0
BRDA:180,7,1,0
BRDA:185,8,0,0
BRDA:185,8,1,0
BRDA:194,9,0,0
BRDA:194,9,1,0
BRDA:196,10,0,0
BRDA:196,10,1,0
BRDA:201,11,0,0
BRDA:201,11,1,0
BRDA:207,12,0,0
BRDA:207,12,1,0
BRDA:225,13,0,0
BRDA:225,13,1,0
BRDA:232,14,0,0
BRDA:232,14,1,0
BRDA:240,15,0,0
BRDA:240,15,1,0
BRDA:242,16,0,0
BRDA:242,16,1,0
BRDA:247,17,0,0
BRDA:247,17,1,0
BRDA:263,18,0,0
BRDA:263,18,1,0
BRDA:270,19,0,0
BRDA:270,19,1,0
BRDA:270,19,2,0
BRDA:279,20,0,0
BRDA:279,20,1,0
BRDA:281,21,0,0
BRDA:281,21,1,0
BRDA:281,21,2,0
BRDA:282,22,0,0
BRDA:282,22,1,0
BRDA:293,23,0,0
BRDA:293,23,1,0
BRDA:305,24,0,0
BRDA:305,24,1,0
BRDA:307,25,0,0
BRDA:307,25,1,0
BRDA:311,26,0,0
BRDA:311,26,1,0
BRDA:321,27,0,0
BRDA:321,27,1,0
BRDA:325,28,0,0
BRDA:325,28,1,0
BRDA:339,29,0,0
BRDA:339,29,1,0
BRDA:342,30,0,0
BRDA:342,30,1,0
BRDA:342,30,2,0
BRDA:343,31,0,0
BRDA:343,31,1,0
BRDA:363,32,0,0
BRDA:363,32,1,0
BRDA:379,33,0,0
BRDA:379,33,1,0
BRDA:392,34,0,0
BRDA:392,34,1,0
BRDA:402,35,0,0
BRDA:402,35,1,0
BRDA:414,36,0,0
BRDA:414,36,1,0
BRDA:423,37,0,0
BRDA:423,37,1,0
BRDA:424,38,0,0
BRDA:424,38,1,0
BRDA:434,39,0,0
BRDA:434,39,1,0
BRDA:448,40,0,0
BRDA:448,40,1,0
BRDA:480,41,0,0
BRDA:480,41,1,0
BRDA:506,42,0,0
BRDA:506,42,1,0
BRDA:513,43,0,0
BRDA:513,43,1,0
BRDA:529,44,0,0
BRDA:529,44,1,0
BRDA:529,45,0,0
BRDA:529,45,1,0
BRF:95
BRH:2
end_of_record
TN:
SF:src-v4/core/logger.ts
FN:8,(anonymous_9)
FN:34,(anonymous_10)
FN:41,(anonymous_11)
FN:53,(anonymous_12)
FN:57,(anonymous_13)
FN:61,(anonymous_14)
FN:87,(anonymous_15)
FN:104,(anonymous_16)
FN:108,(anonymous_17)
FN:112,(anonymous_18)
FN:116,(anonymous_19)
FN:120,(anonymous_20)
FN:124,(anonymous_21)
FN:128,(anonymous_22)
FN:132,(anonymous_23)
FN:142,(anonymous_24)
FN:162,(anonymous_25)
FN:182,(anonymous_26)
FN:200,(anonymous_27)
FN:202,(anonymous_28)
FNF:20
FNH:8
FNDA:1,(anonymous_9)
FNDA:1,(anonymous_10)
FNDA:1,(anonymous_11)
FNDA:0,(anonymous_12)
FNDA:17,(anonymous_13)
FNDA:0,(anonymous_14)
FNDA:0,(anonymous_15)
FNDA:12,(anonymous_16)
FNDA:2,(anonymous_17)
FNDA:3,(anonymous_18)
FNDA:0,(anonymous_19)
FNDA:0,(anonymous_20)
FNDA:0,(anonymous_21)
FNDA:0,(anonymous_22)
FNDA:0,(anonymous_23)
FNDA:17,(anonymous_24)
FNDA:0,(anonymous_25)
FNDA:0,(anonymous_26)
FNDA:0,(anonymous_27)
FNDA:0,(anonymous_28)
DA:6,1
DA:8,1
DA:9,1
DA:10,1
DA:11,1
DA:12,1
DA:13,1
DA:14,1
DA:28,1
DA:30,1
DA:31,1
DA:32,1
DA:35,1
DA:36,1
DA:38,1
DA:43,1
DA:44,1
DA:45,0
DA:49,1
DA:54,0
DA:58,17
DA:62,0
DA:63,0
DA:66,0
DA:69,0
DA:70,0
DA:74,0
DA:75,0
DA:79,0
DA:80,0
DA:81,0
DA:84,0
DA:88,0
DA:100,0
DA:101,0
DA:105,12
DA:109,2
DA:113,3
DA:117,0
DA:121,0
DA:125,0
DA:129,0
DA:133,0
DA:134,0
DA:135,0
DA:136,0
DA:137,0
DA:139,0
DA:143,17
DA:145,0
DA:156,0
DA:157,0
DA:164,0
DA:167,0
DA:168,0
DA:171,0
DA:174,0
DA:175,0
DA:176,0
DA:184,0
DA:187,0
DA:189,0
DA:190,0
DA:192,0
DA:193,0
DA:195,0
DA:201,0
DA:202,0
DA:205,0
LF:69
LH:23
BRDA:8,0,0,1
BRDA:8,0,1,1
BRDA:35,1,0,1
BRDA:35,1,1,0
BRDA:44,2,0,0
BRDA:44,2,1,1
BRDA:44,3,0,1
BRDA:44,3,1,0
BRDA:49,4,0,1
BRDA:49,4,1,1
BRDA:49,4,2,1
BRDA:69,5,0,0
BRDA:69,5,1,0
BRDA:74,6,0,0
BRDA:74,6,1,0
BRDA:79,7,0,0
BRDA:79,7,1,0
BRDA:79,8,0,0
BRDA:79,8,1,0
BRDA:100,9,0,0
BRDA:100,9,1,0
BRDA:134,10,0,0
BRDA:134,10,1,0
BRDA:143,11,0,17
BRDA:143,11,1,0
BRDA:156,12,0,0
BRDA:156,12,1,0
BRDA:164,13,0,0
BRDA:164,13,1,0
BRDA:168,14,0,0
BRDA:168,14,1,0
BRDA:174,15,0,0
BRDA:174,15,1,0
BRDA:174,16,0,0
BRDA:174,16,1,0
BRDA:184,17,0,0
BRDA:184,17,1,0
BRDA:187,18,0,0
BRDA:187,18,1,0
BRDA:187,19,0,0
BRDA:187,19,1,0
BRDA:189,20,0,0
BRDA:189,20,1,0
BRDA:192,21,0,0
BRDA:192,21,1,0
BRDA:192,22,0,0
BRDA:192,22,1,0
BRF:47
BRH:9
end_of_record
TN:
SF:src-v4/core/simple-logger.ts
FN:6,logDebug
FN:21,getLogFile
FNF:2
FNH:1
FNDA:22,logDebug
FNDA:0,getLogFile
DA:1,1
DA:2,1
DA:4,1
DA:6,1
DA:7,22
DA:8,22
DA:11,22
DA:14,22
DA:15,22
DA:17,0
DA:21,1
DA:22,0
LF:12
LH:10
BRDA:8,0,0,17
BRDA:8,0,1,5
BRF:2
BRH:2
end_of_record
TN:
SF:src-v4/executors/pty-executor.ts
FN:25,(anonymous_9)
FN:30,(anonymous_10)
FN:42,(anonymous_11)
FN:98,(anonymous_12)
FN:144,(anonymous_13)
FN:186,(anonymous_14)
FN:201,(anonymous_15)
FN:208,(anonymous_16)
FN:222,(anonymous_17)
FN:228,(anonymous_18)
FN:238,(anonymous_19)
FN:242,(anonymous_20)
FN:261,(anonymous_21)
FN:276,(anonymous_22)
FN:290,(anonymous_23)
FN:296,(anonymous_24)
FN:311,(anonymous_25)
FN:315,(anonymous_26)
FNF:18
FNH:11
FNDA:1,(anonymous_9)
FNDA:1,(anonymous_10)
FNDA:1,(anonymous_11)
FNDA:12,(anonymous_12)
FNDA:0,(anonymous_13)
FNDA:1,(anonymous_14)
FNDA:1,(anonymous_15)
FNDA:1,(anonymous_16)
FNDA:12,(anonymous_17)
FNDA:0,(anonymous_18)
FNDA:1,(anonymous_19)
FNDA:0,(anonymous_20)
FNDA:0,(anonymous_21)
FNDA:0,(anonymous_22)
FNDA:0,(anonymous_23)
FNDA:1,(anonymous_24)
FNDA:0,(anonymous_25)
FNDA:1,(anonymous_26)
DA:1,1
DA:2,1
DA:3,1
DA:4,1
DA:5,1
DA:6,1
DA:8,1
DA:18,1
DA:20,1
DA:21,1
DA:22,1
DA:25,1
DA:26,1
DA:27,1
DA:36,1
DA:42,1
DA:43,1
DA:44,1
DA:46,1
DA:49,1
DA:55,1
DA:56,1
DA:71,1
DA:76,0
DA:80,0
DA:81,0
DA:84,1
DA:87,1
DA:94,1
DA:95,1
DA:98,1
DA:99,12
DA:100,1
DA:101,1
DA:104,12
DA:109,12
DA:115,12
DA:118,12
DA:119,0
DA:125,0
DA:126,0
DA:131,12
DA:132,12
DA:136,12
DA:139,12
DA:143,1
DA:144,1
DA:145,0
DA:146,0
DA:152,0
DA:154,0
DA:155,0
DA:157,0
DA:162,1
DA:163,0
DA:164,0
DA:171,1
DA:173,1
DA:178,1
DA:183,1
DA:186,1
DA:187,1
DA:190,1
DA:193,1
DA:195,1
DA:198,1
DA:201,1
DA:202,1
DA:203,0
DA:204,0
DA:208,1
DA:209,1
DA:210,0
DA:215,0
DA:223,12
DA:224,11
DA:228,12
DA:229,0
DA:230,0
DA:231,0
DA:232,0
DA:239,1
DA:240,1
DA:242,1
DA:243,0
DA:244,0
DA:245,0
DA:251,0
DA:253,0
DA:262,0
DA:263,0
DA:264,0
DA:267,0
DA:268,0
DA:277,0
DA:279,0
DA:286,0
DA:291,0
DA:292,0
DA:297,1
DA:298,1
DA:301,1
DA:302,1
DA:305,1
DA:306,1
DA:307,1
DA:312,0
DA:316,1
LF:108
LH:70
BRDA:25,0,0,0
BRDA:43,1,0,1
BRDA:43,1,1,0
BRDA:43,2,0,0
BRDA:43,2,1,0
BRDA:44,3,0,1
BRDA:44,3,1,1
BRDA:77,4,0,0
BRDA:77,4,1,0
BRDA:78,5,0,0
BRDA:78,5,1,0
BRDA:99,6,0,1
BRDA:99,6,1,11
BRDA:118,7,0,0
BRDA:118,7,1,12
BRDA:125,8,0,0
BRDA:125,8,1,0
BRDA:131,9,0,12
BRDA:131,9,1,0
BRDA:154,10,0,0
BRDA:154,10,1,0
BRDA:162,11,0,0
BRDA:162,11,1,1
BRDA:190,12,0,1
BRDA:190,12,1,0
BRDA:202,13,0,0
BRDA:202,13,1,1
BRDA:204,14,0,0
BRDA:204,14,1,0
BRDA:209,15,0,0
BRDA:209,15,1,1
BRDA:215,16,0,0
BRDA:215,16,1,0
BRDA:223,17,0,11
BRDA:223,17,1,1
BRDA:229,18,0,0
BRDA:229,18,1,0
BRDA:244,19,0,0
BRDA:244,19,1,0
BRDA:244,20,0,0
BRDA:244,20,1,0
BRDA:262,21,0,0
BRDA:262,21,1,0
BRDA:262,22,0,0
BRDA:262,22,1,0
BRDA:267,23,0,0
BRDA:267,23,1,0
BRDA:277,24,0,0
BRDA:277,24,1,0
BRDA:277,25,0,0
BRDA:277,25,1,0
BRDA:291,26,0,0
BRDA:291,26,1,0
BRDA:291,27,0,0
BRDA:291,27,1,0
BRDA:297,28,0,1
BRDA:297,28,1,0
BRDA:301,29,0,1
BRDA:301,29,1,0
BRDA:305,30,0,1
BRDA:305,30,1,0
BRDA:316,31,0,1
BRDA:316,31,1,1
BRF:63
BRH:18
end_of_record
